18:12:53,625 root INFO ASRModel(
  (encoder): TransformerEncoder(
    (embed): Conv2dSubsampling(
      (conv): Sequential(
        (0): Conv2d(1, 256, kernel_size=(3, 3), stride=(2, 2))
        (1): ReLU()
        (2): Conv2d(256, 256, kernel_size=(3, 3), stride=(2, 2))
        (3): ReLU()
      )
      (out): Sequential(
        (0): Linear(in_features=5120, out_features=256, bias=True)
        (1): PositionalEncoding(
          (dropout): Dropout(p=0.1, inplace=False)
        )
      )
    )
    (encoders): MultiSequential(
      (0): EncoderLayer(
        (self_attn): MultiHeadedAttention(
          (linear_q): Linear(in_features=256, out_features=256, bias=True)
          (linear_k): Linear(in_features=256, out_features=256, bias=True)
          (linear_v): Linear(in_features=256, out_features=256, bias=True)
          (linear_out): Linear(in_features=256, out_features=256, bias=True)
          (dropout): Dropout(p=0.1, inplace=False)
        )
        (feed_forward): PositionwiseFeedForward(
          (w_1): Linear(in_features=256, out_features=1024, bias=True)
          (w_2): Linear(in_features=1024, out_features=256, bias=True)
          (dropout): Dropout(p=0.1, inplace=False)
          (activation): ReLU()
        )
        (norm1): LayerNorm((256,), eps=1e-12, elementwise_affine=True)
        (norm2): LayerNorm((256,), eps=1e-12, elementwise_affine=True)
        (dropout): Dropout(p=0.1, inplace=False)
      )
      (1): EncoderLayer(
        (self_attn): MultiHeadedAttention(
          (linear_q): Linear(in_features=256, out_features=256, bias=True)
          (linear_k): Linear(in_features=256, out_features=256, bias=True)
          (linear_v): Linear(in_features=256, out_features=256, bias=True)
          (linear_out): Linear(in_features=256, out_features=256, bias=True)
          (dropout): Dropout(p=0.1, inplace=False)
        )
        (feed_forward): PositionwiseFeedForward(
          (w_1): Linear(in_features=256, out_features=1024, bias=True)
          (w_2): Linear(in_features=1024, out_features=256, bias=True)
          (dropout): Dropout(p=0.1, inplace=False)
          (activation): ReLU()
        )
        (norm1): LayerNorm((256,), eps=1e-12, elementwise_affine=True)
        (norm2): LayerNorm((256,), eps=1e-12, elementwise_affine=True)
        (dropout): Dropout(p=0.1, inplace=False)
      )
      (2): EncoderLayer(
        (self_attn): MultiHeadedAttention(
          (linear_q): Linear(in_features=256, out_features=256, bias=True)
          (linear_k): Linear(in_features=256, out_features=256, bias=True)
          (linear_v): Linear(in_features=256, out_features=256, bias=True)
          (linear_out): Linear(in_features=256, out_features=256, bias=True)
          (dropout): Dropout(p=0.1, inplace=False)
        )
        (feed_forward): PositionwiseFeedForward(
          (w_1): Linear(in_features=256, out_features=1024, bias=True)
          (w_2): Linear(in_features=1024, out_features=256, bias=True)
          (dropout): Dropout(p=0.1, inplace=False)
          (activation): ReLU()
        )
        (norm1): LayerNorm((256,), eps=1e-12, elementwise_affine=True)
        (norm2): LayerNorm((256,), eps=1e-12, elementwise_affine=True)
        (dropout): Dropout(p=0.1, inplace=False)
      )
      (3): EncoderLayer(
        (self_attn): MultiHeadedAttention(
          (linear_q): Linear(in_features=256, out_features=256, bias=True)
          (linear_k): Linear(in_features=256, out_features=256, bias=True)
          (linear_v): Linear(in_features=256, out_features=256, bias=True)
          (linear_out): Linear(in_features=256, out_features=256, bias=True)
          (dropout): Dropout(p=0.1, inplace=False)
        )
        (feed_forward): PositionwiseFeedForward(
          (w_1): Linear(in_features=256, out_features=1024, bias=True)
          (w_2): Linear(in_features=1024, out_features=256, bias=True)
          (dropout): Dropout(p=0.1, inplace=False)
          (activation): ReLU()
        )
        (norm1): LayerNorm((256,), eps=1e-12, elementwise_affine=True)
        (norm2): LayerNorm((256,), eps=1e-12, elementwise_affine=True)
        (dropout): Dropout(p=0.1, inplace=False)
      )
      (4): EncoderLayer(
        (self_attn): MultiHeadedAttention(
          (linear_q): Linear(in_features=256, out_features=256, bias=True)
          (linear_k): Linear(in_features=256, out_features=256, bias=True)
          (linear_v): Linear(in_features=256, out_features=256, bias=True)
          (linear_out): Linear(in_features=256, out_features=256, bias=True)
          (dropout): Dropout(p=0.1, inplace=False)
        )
        (feed_forward): PositionwiseFeedForward(
          (w_1): Linear(in_features=256, out_features=1024, bias=True)
          (w_2): Linear(in_features=1024, out_features=256, bias=True)
          (dropout): Dropout(p=0.1, inplace=False)
          (activation): ReLU()
        )
        (norm1): LayerNorm((256,), eps=1e-12, elementwise_affine=True)
        (norm2): LayerNorm((256,), eps=1e-12, elementwise_affine=True)
        (dropout): Dropout(p=0.1, inplace=False)
      )
      (5): EncoderLayer(
        (self_attn): MultiHeadedAttention(
          (linear_q): Linear(in_features=256, out_features=256, bias=True)
          (linear_k): Linear(in_features=256, out_features=256, bias=True)
          (linear_v): Linear(in_features=256, out_features=256, bias=True)
          (linear_out): Linear(in_features=256, out_features=256, bias=True)
          (dropout): Dropout(p=0.1, inplace=False)
        )
        (feed_forward): PositionwiseFeedForward(
          (w_1): Linear(in_features=256, out_features=1024, bias=True)
          (w_2): Linear(in_features=1024, out_features=256, bias=True)
          (dropout): Dropout(p=0.1, inplace=False)
          (activation): ReLU()
        )
        (norm1): LayerNorm((256,), eps=1e-12, elementwise_affine=True)
        (norm2): LayerNorm((256,), eps=1e-12, elementwise_affine=True)
        (dropout): Dropout(p=0.1, inplace=False)
      )
      (6): EncoderLayer(
        (self_attn): MultiHeadedAttention(
          (linear_q): Linear(in_features=256, out_features=256, bias=True)
          (linear_k): Linear(in_features=256, out_features=256, bias=True)
          (linear_v): Linear(in_features=256, out_features=256, bias=True)
          (linear_out): Linear(in_features=256, out_features=256, bias=True)
          (dropout): Dropout(p=0.1, inplace=False)
        )
        (feed_forward): PositionwiseFeedForward(
          (w_1): Linear(in_features=256, out_features=1024, bias=True)
          (w_2): Linear(in_features=1024, out_features=256, bias=True)
          (dropout): Dropout(p=0.1, inplace=False)
          (activation): ReLU()
        )
        (norm1): LayerNorm((256,), eps=1e-12, elementwise_affine=True)
        (norm2): LayerNorm((256,), eps=1e-12, elementwise_affine=True)
        (dropout): Dropout(p=0.1, inplace=False)
      )
      (7): EncoderLayer(
        (self_attn): MultiHeadedAttention(
          (linear_q): Linear(in_features=256, out_features=256, bias=True)
          (linear_k): Linear(in_features=256, out_features=256, bias=True)
          (linear_v): Linear(in_features=256, out_features=256, bias=True)
          (linear_out): Linear(in_features=256, out_features=256, bias=True)
          (dropout): Dropout(p=0.1, inplace=False)
        )
        (feed_forward): PositionwiseFeedForward(
          (w_1): Linear(in_features=256, out_features=1024, bias=True)
          (w_2): Linear(in_features=1024, out_features=256, bias=True)
          (dropout): Dropout(p=0.1, inplace=False)
          (activation): ReLU()
        )
        (norm1): LayerNorm((256,), eps=1e-12, elementwise_affine=True)
        (norm2): LayerNorm((256,), eps=1e-12, elementwise_affine=True)
        (dropout): Dropout(p=0.1, inplace=False)
      )
      (8): EncoderLayer(
        (self_attn): MultiHeadedAttention(
          (linear_q): Linear(in_features=256, out_features=256, bias=True)
          (linear_k): Linear(in_features=256, out_features=256, bias=True)
          (linear_v): Linear(in_features=256, out_features=256, bias=True)
          (linear_out): Linear(in_features=256, out_features=256, bias=True)
          (dropout): Dropout(p=0.1, inplace=False)
        )
        (feed_forward): PositionwiseFeedForward(
          (w_1): Linear(in_features=256, out_features=1024, bias=True)
          (w_2): Linear(in_features=1024, out_features=256, bias=True)
          (dropout): Dropout(p=0.1, inplace=False)
          (activation): ReLU()
        )
        (norm1): LayerNorm((256,), eps=1e-12, elementwise_affine=True)
        (norm2): LayerNorm((256,), eps=1e-12, elementwise_affine=True)
        (dropout): Dropout(p=0.1, inplace=False)
      )
      (9): EncoderLayer(
        (self_attn): MultiHeadedAttention(
          (linear_q): Linear(in_features=256, out_features=256, bias=True)
          (linear_k): Linear(in_features=256, out_features=256, bias=True)
          (linear_v): Linear(in_features=256, out_features=256, bias=True)
          (linear_out): Linear(in_features=256, out_features=256, bias=True)
          (dropout): Dropout(p=0.1, inplace=False)
        )
        (feed_forward): PositionwiseFeedForward(
          (w_1): Linear(in_features=256, out_features=1024, bias=True)
          (w_2): Linear(in_features=1024, out_features=256, bias=True)
          (dropout): Dropout(p=0.1, inplace=False)
          (activation): ReLU()
        )
        (norm1): LayerNorm((256,), eps=1e-12, elementwise_affine=True)
        (norm2): LayerNorm((256,), eps=1e-12, elementwise_affine=True)
        (dropout): Dropout(p=0.1, inplace=False)
      )
      (10): EncoderLayer(
        (self_attn): MultiHeadedAttention(
          (linear_q): Linear(in_features=256, out_features=256, bias=True)
          (linear_k): Linear(in_features=256, out_features=256, bias=True)
          (linear_v): Linear(in_features=256, out_features=256, bias=True)
          (linear_out): Linear(in_features=256, out_features=256, bias=True)
          (dropout): Dropout(p=0.1, inplace=False)
        )
        (feed_forward): PositionwiseFeedForward(
          (w_1): Linear(in_features=256, out_features=1024, bias=True)
          (w_2): Linear(in_features=1024, out_features=256, bias=True)
          (dropout): Dropout(p=0.1, inplace=False)
          (activation): ReLU()
        )
        (norm1): LayerNorm((256,), eps=1e-12, elementwise_affine=True)
        (norm2): LayerNorm((256,), eps=1e-12, elementwise_affine=True)
        (dropout): Dropout(p=0.1, inplace=False)
      )
      (11): EncoderLayer(
        (self_attn): MultiHeadedAttention(
          (linear_q): Linear(in_features=256, out_features=256, bias=True)
          (linear_k): Linear(in_features=256, out_features=256, bias=True)
          (linear_v): Linear(in_features=256, out_features=256, bias=True)
          (linear_out): Linear(in_features=256, out_features=256, bias=True)
          (dropout): Dropout(p=0.1, inplace=False)
        )
        (feed_forward): PositionwiseFeedForward(
          (w_1): Linear(in_features=256, out_features=1024, bias=True)
          (w_2): Linear(in_features=1024, out_features=256, bias=True)
          (dropout): Dropout(p=0.1, inplace=False)
          (activation): ReLU()
        )
        (norm1): LayerNorm((256,), eps=1e-12, elementwise_affine=True)
        (norm2): LayerNorm((256,), eps=1e-12, elementwise_affine=True)
        (dropout): Dropout(p=0.1, inplace=False)
      )
    )
    (after_norm): LayerNorm((256,), eps=1e-12, elementwise_affine=True)
  )
  (ctc): CTC(
    (projection): Linear(in_features=256, out_features=302, bias=True)
    (ctc_loss): CTCLoss()
  )
  (stat_calculator): StatsCalculator()
)
18:12:53,626 root INFO Built a model with 11.46M Params
18:12:53,632 root INFO Start to train epoch 0
18:14:25,164 root INFO [Epoch 0, Batch=99] Train: loss=605.0146, wer=7.1252, lr=3.3333333333333337e-06
18:15:52,332 root INFO [Epoch 0, Batch=199] Train: loss=261.2475, wer=6.3569, lr=6.6666666666666675e-06
18:17:19,622 root INFO [Epoch 0, Batch=299] Train: loss=177.9104, wer=2.5278, lr=1e-05
18:18:47,356 root INFO [Epoch 0, Batch=399] Train: loss=79.5116, wer=1.7153, lr=1.3333333333333335e-05
18:20:15,553 root INFO [Epoch 0, Batch=499] Train: loss=241.4466, wer=1.3794, lr=1.666666666666667e-05
18:21:45,50 root INFO [Epoch 0, Batch=599] Train: loss=247.1508, wer=1.8519, lr=2e-05
18:23:15,275 root INFO [Epoch 0, Batch=699] Train: loss=224.9531, wer=3.7284, lr=2.3333333333333336e-05
18:24:45,320 root INFO [Epoch 0, Batch=799] Train: loss=155.7563, wer=3.8623, lr=2.666666666666667e-05
18:26:15,391 root INFO [Epoch 0, Batch=899] Train: loss=234.8275, wer=3.6500, lr=3.0000000000000004e-05
18:27:49,9 root INFO [Epoch 0, Batch=999] Train: loss=228.9065, wer=3.6305, lr=3.333333333333334e-05
18:29:26,718 root INFO [Epoch 0, Batch=1099] Train: loss=219.2097, wer=3.2299, lr=3.666666666666667e-05
18:30:53,949 root INFO [Epoch 0, Batch=1199] Train: loss=204.2766, wer=2.9153, lr=4e-05
