18:01:57,628 root INFO ASRModel(
  (encoder): TransformerEncoder(
    (embed): Conv2dSubsampling(
      (conv): Sequential(
        (0): Conv2d(1, 256, kernel_size=(3, 3), stride=(2, 2))
        (1): ReLU()
        (2): Conv2d(256, 256, kernel_size=(3, 3), stride=(2, 2))
        (3): ReLU()
      )
      (out): Sequential(
        (0): Linear(in_features=5120, out_features=256, bias=True)
        (1): PositionalEncoding(
          (dropout): Dropout(p=0.1, inplace=False)
        )
      )
    )
    (encoders): MultiSequential(
      (0): EncoderLayer(
        (self_attn): MultiHeadedAttention(
          (linear_q): Linear(in_features=256, out_features=256, bias=True)
          (linear_k): Linear(in_features=256, out_features=256, bias=True)
          (linear_v): Linear(in_features=256, out_features=256, bias=True)
          (linear_out): Linear(in_features=256, out_features=256, bias=True)
          (dropout): Dropout(p=0.1, inplace=False)
        )
        (feed_forward): PositionwiseFeedForward(
          (w_1): Linear(in_features=256, out_features=1024, bias=True)
          (w_2): Linear(in_features=1024, out_features=256, bias=True)
          (dropout): Dropout(p=0.1, inplace=False)
          (activation): ReLU()
        )
        (norm1): LayerNorm((256,), eps=1e-12, elementwise_affine=True)
        (norm2): LayerNorm((256,), eps=1e-12, elementwise_affine=True)
        (dropout): Dropout(p=0.1, inplace=False)
      )
      (1): EncoderLayer(
        (self_attn): MultiHeadedAttention(
          (linear_q): Linear(in_features=256, out_features=256, bias=True)
          (linear_k): Linear(in_features=256, out_features=256, bias=True)
          (linear_v): Linear(in_features=256, out_features=256, bias=True)
          (linear_out): Linear(in_features=256, out_features=256, bias=True)
          (dropout): Dropout(p=0.1, inplace=False)
        )
        (feed_forward): PositionwiseFeedForward(
          (w_1): Linear(in_features=256, out_features=1024, bias=True)
          (w_2): Linear(in_features=1024, out_features=256, bias=True)
          (dropout): Dropout(p=0.1, inplace=False)
          (activation): ReLU()
        )
        (norm1): LayerNorm((256,), eps=1e-12, elementwise_affine=True)
        (norm2): LayerNorm((256,), eps=1e-12, elementwise_affine=True)
        (dropout): Dropout(p=0.1, inplace=False)
      )
      (2): EncoderLayer(
        (self_attn): MultiHeadedAttention(
          (linear_q): Linear(in_features=256, out_features=256, bias=True)
          (linear_k): Linear(in_features=256, out_features=256, bias=True)
          (linear_v): Linear(in_features=256, out_features=256, bias=True)
          (linear_out): Linear(in_features=256, out_features=256, bias=True)
          (dropout): Dropout(p=0.1, inplace=False)
        )
        (feed_forward): PositionwiseFeedForward(
          (w_1): Linear(in_features=256, out_features=1024, bias=True)
          (w_2): Linear(in_features=1024, out_features=256, bias=True)
          (dropout): Dropout(p=0.1, inplace=False)
          (activation): ReLU()
        )
        (norm1): LayerNorm((256,), eps=1e-12, elementwise_affine=True)
        (norm2): LayerNorm((256,), eps=1e-12, elementwise_affine=True)
        (dropout): Dropout(p=0.1, inplace=False)
      )
      (3): EncoderLayer(
        (self_attn): MultiHeadedAttention(
          (linear_q): Linear(in_features=256, out_features=256, bias=True)
          (linear_k): Linear(in_features=256, out_features=256, bias=True)
          (linear_v): Linear(in_features=256, out_features=256, bias=True)
          (linear_out): Linear(in_features=256, out_features=256, bias=True)
          (dropout): Dropout(p=0.1, inplace=False)
        )
        (feed_forward): PositionwiseFeedForward(
          (w_1): Linear(in_features=256, out_features=1024, bias=True)
          (w_2): Linear(in_features=1024, out_features=256, bias=True)
          (dropout): Dropout(p=0.1, inplace=False)
          (activation): ReLU()
        )
        (norm1): LayerNorm((256,), eps=1e-12, elementwise_affine=True)
        (norm2): LayerNorm((256,), eps=1e-12, elementwise_affine=True)
        (dropout): Dropout(p=0.1, inplace=False)
      )
      (4): EncoderLayer(
        (self_attn): MultiHeadedAttention(
          (linear_q): Linear(in_features=256, out_features=256, bias=True)
          (linear_k): Linear(in_features=256, out_features=256, bias=True)
          (linear_v): Linear(in_features=256, out_features=256, bias=True)
          (linear_out): Linear(in_features=256, out_features=256, bias=True)
          (dropout): Dropout(p=0.1, inplace=False)
        )
        (feed_forward): PositionwiseFeedForward(
          (w_1): Linear(in_features=256, out_features=1024, bias=True)
          (w_2): Linear(in_features=1024, out_features=256, bias=True)
          (dropout): Dropout(p=0.1, inplace=False)
          (activation): ReLU()
        )
        (norm1): LayerNorm((256,), eps=1e-12, elementwise_affine=True)
        (norm2): LayerNorm((256,), eps=1e-12, elementwise_affine=True)
        (dropout): Dropout(p=0.1, inplace=False)
      )
      (5): EncoderLayer(
        (self_attn): MultiHeadedAttention(
          (linear_q): Linear(in_features=256, out_features=256, bias=True)
          (linear_k): Linear(in_features=256, out_features=256, bias=True)
          (linear_v): Linear(in_features=256, out_features=256, bias=True)
          (linear_out): Linear(in_features=256, out_features=256, bias=True)
          (dropout): Dropout(p=0.1, inplace=False)
        )
        (feed_forward): PositionwiseFeedForward(
          (w_1): Linear(in_features=256, out_features=1024, bias=True)
          (w_2): Linear(in_features=1024, out_features=256, bias=True)
          (dropout): Dropout(p=0.1, inplace=False)
          (activation): ReLU()
        )
        (norm1): LayerNorm((256,), eps=1e-12, elementwise_affine=True)
        (norm2): LayerNorm((256,), eps=1e-12, elementwise_affine=True)
        (dropout): Dropout(p=0.1, inplace=False)
      )
      (6): EncoderLayer(
        (self_attn): MultiHeadedAttention(
          (linear_q): Linear(in_features=256, out_features=256, bias=True)
          (linear_k): Linear(in_features=256, out_features=256, bias=True)
          (linear_v): Linear(in_features=256, out_features=256, bias=True)
          (linear_out): Linear(in_features=256, out_features=256, bias=True)
          (dropout): Dropout(p=0.1, inplace=False)
        )
        (feed_forward): PositionwiseFeedForward(
          (w_1): Linear(in_features=256, out_features=1024, bias=True)
          (w_2): Linear(in_features=1024, out_features=256, bias=True)
          (dropout): Dropout(p=0.1, inplace=False)
          (activation): ReLU()
        )
        (norm1): LayerNorm((256,), eps=1e-12, elementwise_affine=True)
        (norm2): LayerNorm((256,), eps=1e-12, elementwise_affine=True)
        (dropout): Dropout(p=0.1, inplace=False)
      )
      (7): EncoderLayer(
        (self_attn): MultiHeadedAttention(
          (linear_q): Linear(in_features=256, out_features=256, bias=True)
          (linear_k): Linear(in_features=256, out_features=256, bias=True)
          (linear_v): Linear(in_features=256, out_features=256, bias=True)
          (linear_out): Linear(in_features=256, out_features=256, bias=True)
          (dropout): Dropout(p=0.1, inplace=False)
        )
        (feed_forward): PositionwiseFeedForward(
          (w_1): Linear(in_features=256, out_features=1024, bias=True)
          (w_2): Linear(in_features=1024, out_features=256, bias=True)
          (dropout): Dropout(p=0.1, inplace=False)
          (activation): ReLU()
        )
        (norm1): LayerNorm((256,), eps=1e-12, elementwise_affine=True)
        (norm2): LayerNorm((256,), eps=1e-12, elementwise_affine=True)
        (dropout): Dropout(p=0.1, inplace=False)
      )
      (8): EncoderLayer(
        (self_attn): MultiHeadedAttention(
          (linear_q): Linear(in_features=256, out_features=256, bias=True)
          (linear_k): Linear(in_features=256, out_features=256, bias=True)
          (linear_v): Linear(in_features=256, out_features=256, bias=True)
          (linear_out): Linear(in_features=256, out_features=256, bias=True)
          (dropout): Dropout(p=0.1, inplace=False)
        )
        (feed_forward): PositionwiseFeedForward(
          (w_1): Linear(in_features=256, out_features=1024, bias=True)
          (w_2): Linear(in_features=1024, out_features=256, bias=True)
          (dropout): Dropout(p=0.1, inplace=False)
          (activation): ReLU()
        )
        (norm1): LayerNorm((256,), eps=1e-12, elementwise_affine=True)
        (norm2): LayerNorm((256,), eps=1e-12, elementwise_affine=True)
        (dropout): Dropout(p=0.1, inplace=False)
      )
      (9): EncoderLayer(
        (self_attn): MultiHeadedAttention(
          (linear_q): Linear(in_features=256, out_features=256, bias=True)
          (linear_k): Linear(in_features=256, out_features=256, bias=True)
          (linear_v): Linear(in_features=256, out_features=256, bias=True)
          (linear_out): Linear(in_features=256, out_features=256, bias=True)
          (dropout): Dropout(p=0.1, inplace=False)
        )
        (feed_forward): PositionwiseFeedForward(
          (w_1): Linear(in_features=256, out_features=1024, bias=True)
          (w_2): Linear(in_features=1024, out_features=256, bias=True)
          (dropout): Dropout(p=0.1, inplace=False)
          (activation): ReLU()
        )
        (norm1): LayerNorm((256,), eps=1e-12, elementwise_affine=True)
        (norm2): LayerNorm((256,), eps=1e-12, elementwise_affine=True)
        (dropout): Dropout(p=0.1, inplace=False)
      )
      (10): EncoderLayer(
        (self_attn): MultiHeadedAttention(
          (linear_q): Linear(in_features=256, out_features=256, bias=True)
          (linear_k): Linear(in_features=256, out_features=256, bias=True)
          (linear_v): Linear(in_features=256, out_features=256, bias=True)
          (linear_out): Linear(in_features=256, out_features=256, bias=True)
          (dropout): Dropout(p=0.1, inplace=False)
        )
        (feed_forward): PositionwiseFeedForward(
          (w_1): Linear(in_features=256, out_features=1024, bias=True)
          (w_2): Linear(in_features=1024, out_features=256, bias=True)
          (dropout): Dropout(p=0.1, inplace=False)
          (activation): ReLU()
        )
        (norm1): LayerNorm((256,), eps=1e-12, elementwise_affine=True)
        (norm2): LayerNorm((256,), eps=1e-12, elementwise_affine=True)
        (dropout): Dropout(p=0.1, inplace=False)
      )
      (11): EncoderLayer(
        (self_attn): MultiHeadedAttention(
          (linear_q): Linear(in_features=256, out_features=256, bias=True)
          (linear_k): Linear(in_features=256, out_features=256, bias=True)
          (linear_v): Linear(in_features=256, out_features=256, bias=True)
          (linear_out): Linear(in_features=256, out_features=256, bias=True)
          (dropout): Dropout(p=0.1, inplace=False)
        )
        (feed_forward): PositionwiseFeedForward(
          (w_1): Linear(in_features=256, out_features=1024, bias=True)
          (w_2): Linear(in_features=1024, out_features=256, bias=True)
          (dropout): Dropout(p=0.1, inplace=False)
          (activation): ReLU()
        )
        (norm1): LayerNorm((256,), eps=1e-12, elementwise_affine=True)
        (norm2): LayerNorm((256,), eps=1e-12, elementwise_affine=True)
        (dropout): Dropout(p=0.1, inplace=False)
      )
    )
    (after_norm): LayerNorm((256,), eps=1e-12, elementwise_affine=True)
  )
  (ctc): CTC(
    (projection): Linear(in_features=256, out_features=302, bias=True)
    (ctc_loss): CTCLoss()
  )
  (stat_calculator): StatsCalculator()
)
18:01:57,629 root INFO Built a model with 11.46M Params
18:01:57,635 root INFO Start to train epoch 0
18:03:29,883 root INFO [Epoch 0, Batch=99] Train: loss=605.0146, wer=7.1252, lr=3.3333333333333337e-06
18:04:58,127 root INFO [Epoch 0, Batch=199] Train: loss=261.2472, wer=6.3569, lr=6.6666666666666675e-06
18:06:25,642 root INFO [Epoch 0, Batch=299] Train: loss=177.9104, wer=2.5278, lr=1e-05
18:07:53,575 root INFO [Epoch 0, Batch=399] Train: loss=79.5116, wer=1.7172, lr=1.3333333333333335e-05
18:09:21,831 root INFO [Epoch 0, Batch=499] Train: loss=241.4463, wer=1.3787, lr=1.666666666666667e-05
18:10:54,848 root INFO [Epoch 0, Batch=599] Train: loss=247.1491, wer=1.8501, lr=2e-05
